<?xml version="1.0" encoding="UTF-8"?>
<testsuite name="com.pvr.vrpad.ExampleUnitTest" tests="1" skipped="0" failures="0" errors="0" timestamp="2019-11-14T08:32:49" hostname="BP-OE-PC-038" time="0.001">
  <properties/>
  <testcase name="addition_isCorrect" classname="com.pvr.vrpad.ExampleUnitTest" time="0.001"/>
  <system-out><![CDATA[]]></system-out>
  <system-err><![CDATA[]]></system-err>
</testsuite>
